{
"/Users/user/programming/twitter-commander/lib/twitter-commander.js":{"path":"/Users/user/programming/twitter-commander/lib/twitter-commander.js","s":{"1":1,"2":1,"3":1,"4":1,"5":1,"6":0,"7":0,"8":1,"9":1,"10":0,"11":0,"12":0,"13":1,"14":0,"15":0,"16":1,"17":1,"18":0,"19":0,"20":0,"21":0,"22":0,"23":0,"24":0,"25":0,"26":0,"27":0,"28":0,"29":0,"30":0,"31":0,"32":0,"33":0,"34":0,"35":0,"36":0,"37":0,"38":0,"39":0,"40":0,"41":0,"42":0,"43":0,"44":0,"45":0,"46":0,"47":0,"48":0,"49":0,"50":0,"51":0,"52":0,"53":0,"54":0,"55":0,"56":0,"57":0,"58":0,"59":0,"60":0,"61":0,"62":0,"63":0,"64":0,"65":0,"66":0,"67":0,"68":0,"69":0,"70":0,"71":0,"72":0,"73":0,"74":0,"75":0,"76":0,"77":0,"78":0,"79":0,"80":0,"81":0,"82":0,"83":0,"84":0,"85":0,"86":0,"87":0,"88":0,"89":0,"90":1},"b":{"1":[0,0],"2":[0,0],"3":[0,0],"4":[0,0],"5":[0,0],"6":[0,0],"7":[0,0],"8":[0,0],"9":[0,0],"10":[0,0],"11":[0,0],"12":[0,0],"13":[0,0]},"f":{"1":0,"2":0,"3":0,"4":0,"5":0,"6":0,"7":0,"8":0,"9":0,"10":0,"11":0,"12":0,"13":0,"14":0,"15":0,"16":0,"17":0,"18":0,"19":0,"20":0,"21":0,"22":0,"23":0},"fnMap":{"1":{"name":"(anonymous_1)","line":25,"loc":{"start":{"line":25,"column":12},"end":{"line":25,"column":23}}},"2":{"name":"(anonymous_2)","line":32,"loc":{"start":{"line":32,"column":12},"end":{"line":32,"column":23}}},"3":{"name":"(anonymous_3)","line":37,"loc":{"start":{"line":37,"column":12},"end":{"line":37,"column":23}}},"4":{"name":"(anonymous_4)","line":42,"loc":{"start":{"line":42,"column":12},"end":{"line":42,"column":23}}},"5":{"name":"(anonymous_5)","line":47,"loc":{"start":{"line":47,"column":12},"end":{"line":47,"column":23}}},"6":{"name":"(anonymous_6)","line":52,"loc":{"start":{"line":52,"column":12},"end":{"line":52,"column":23}}},"7":{"name":"(anonymous_7)","line":59,"loc":{"start":{"line":59,"column":11},"end":{"line":59,"column":26}}},"8":{"name":"(anonymous_8)","line":67,"loc":{"start":{"line":67,"column":28},"end":{"line":67,"column":60}}},"9":{"name":"(anonymous_9)","line":72,"loc":{"start":{"line":72,"column":29},"end":{"line":72,"column":59}}},"10":{"name":"(anonymous_10)","line":79,"loc":{"start":{"line":79,"column":23},"end":{"line":79,"column":39}}},"11":{"name":"(anonymous_11)","line":86,"loc":{"start":{"line":86,"column":72},"end":{"line":86,"column":99}}},"12":{"name":"(anonymous_12)","line":91,"loc":{"start":{"line":91,"column":12},"end":{"line":91,"column":24}}},"13":{"name":"(anonymous_13)","line":93,"loc":{"start":{"line":93,"column":13},"end":{"line":93,"column":25}}},"14":{"name":"(anonymous_14)","line":107,"loc":{"start":{"line":107,"column":59},"end":{"line":107,"column":77}}},"15":{"name":"(anonymous_15)","line":116,"loc":{"start":{"line":116,"column":40},"end":{"line":116,"column":65}}},"16":{"name":"(anonymous_16)","line":124,"loc":{"start":{"line":124,"column":45},"end":{"line":124,"column":57}}},"17":{"name":"(anonymous_17)","line":136,"loc":{"start":{"line":136,"column":31},"end":{"line":136,"column":58}}},"18":{"name":"(anonymous_18)","line":144,"loc":{"start":{"line":144,"column":25},"end":{"line":144,"column":36}}},"19":{"name":"(anonymous_19)","line":156,"loc":{"start":{"line":156,"column":18},"end":{"line":156,"column":29}}},"20":{"name":"(anonymous_20)","line":163,"loc":{"start":{"line":163,"column":18},"end":{"line":163,"column":33}}},"21":{"name":"(anonymous_21)","line":180,"loc":{"start":{"line":180,"column":19},"end":{"line":180,"column":35}}},"22":{"name":"(anonymous_22)","line":206,"loc":{"start":{"line":206,"column":14},"end":{"line":206,"column":29}}},"23":{"name":"(anonymous_23)","line":211,"loc":{"start":{"line":211,"column":12},"end":{"line":211,"column":23}}}},"statementMap":{"1":{"start":{"line":11,"column":0},"end":{"line":11,"column":45}},"2":{"start":{"line":12,"column":0},"end":{"line":12,"column":31}},"3":{"start":{"line":13,"column":0},"end":{"line":13,"column":35}},"4":{"start":{"line":20,"column":0},"end":{"line":20,"column":26}},"5":{"start":{"line":22,"column":0},"end":{"line":54,"column":2}},"6":{"start":{"line":26,"column":6},"end":{"line":26,"column":26}},"7":{"start":{"line":37,"column":25},"end":{"line":37,"column":98}},"8":{"start":{"line":56,"column":0},"end":{"line":56,"column":48}},"9":{"start":{"line":58,"column":0},"end":{"line":65,"column":5}},"10":{"start":{"line":60,"column":4},"end":{"line":64,"column":5}},"11":{"start":{"line":61,"column":6},"end":{"line":61,"column":19}},"12":{"start":{"line":63,"column":6},"end":{"line":63,"column":15}},"13":{"start":{"line":67,"column":0},"end":{"line":75,"column":2}},"14":{"start":{"line":68,"column":2},"end":{"line":74,"column":5}},"15":{"start":{"line":73,"column":4},"end":{"line":73,"column":43}},"16":{"start":{"line":77,"column":0},"end":{"line":77,"column":30}},"17":{"start":{"line":79,"column":0},"end":{"line":215,"column":2}},"18":{"start":{"line":81,"column":2},"end":{"line":81,"column":67}},"19":{"start":{"line":83,"column":2},"end":{"line":83,"column":35}},"20":{"start":{"line":84,"column":2},"end":{"line":84,"column":36}},"21":{"start":{"line":86,"column":2},"end":{"line":104,"column":5}},"22":{"start":{"line":87,"column":4},"end":{"line":90,"column":6}},"23":{"start":{"line":92,"column":4},"end":{"line":92,"column":40}},"24":{"start":{"line":94,"column":4},"end":{"line":94,"column":19}},"25":{"start":{"line":95,"column":4},"end":{"line":97,"column":5}},"26":{"start":{"line":96,"column":6},"end":{"line":96,"column":44}},"27":{"start":{"line":98,"column":4},"end":{"line":100,"column":5}},"28":{"start":{"line":99,"column":6},"end":{"line":99,"column":45}},"29":{"start":{"line":101,"column":4},"end":{"line":103,"column":5}},"30":{"start":{"line":102,"column":6},"end":{"line":102,"column":40}},"31":{"start":{"line":107,"column":2},"end":{"line":114,"column":5}},"32":{"start":{"line":108,"column":4},"end":{"line":113,"column":5}},"33":{"start":{"line":109,"column":6},"end":{"line":109,"column":64}},"34":{"start":{"line":110,"column":6},"end":{"line":110,"column":62}},"35":{"start":{"line":112,"column":6},"end":{"line":112,"column":30}},"36":{"start":{"line":116,"column":2},"end":{"line":118,"column":5}},"37":{"start":{"line":117,"column":4},"end":{"line":117,"column":33}},"38":{"start":{"line":120,"column":2},"end":{"line":120,"column":29}},"39":{"start":{"line":122,"column":2},"end":{"line":122,"column":40}},"40":{"start":{"line":124,"column":2},"end":{"line":127,"column":5}},"41":{"start":{"line":125,"column":4},"end":{"line":125,"column":26}},"42":{"start":{"line":126,"column":4},"end":{"line":126,"column":27}},"43":{"start":{"line":131,"column":2},"end":{"line":131,"column":25}},"44":{"start":{"line":132,"column":2},"end":{"line":132,"column":37}},"45":{"start":{"line":133,"column":2},"end":{"line":133,"column":31}},"46":{"start":{"line":134,"column":2},"end":{"line":134,"column":47}},"47":{"start":{"line":136,"column":2},"end":{"line":138,"column":4}},"48":{"start":{"line":137,"column":4},"end":{"line":137,"column":62}},"49":{"start":{"line":140,"column":2},"end":{"line":140,"column":73}},"50":{"start":{"line":141,"column":2},"end":{"line":141,"column":55}},"51":{"start":{"line":144,"column":2},"end":{"line":152,"column":4}},"52":{"start":{"line":145,"column":4},"end":{"line":150,"column":5}},"53":{"start":{"line":146,"column":6},"end":{"line":146,"column":105}},"54":{"start":{"line":147,"column":6},"end":{"line":147,"column":39}},"55":{"start":{"line":149,"column":6},"end":{"line":149,"column":39}},"56":{"start":{"line":151,"column":4},"end":{"line":151,"column":21}},"57":{"start":{"line":154,"column":2},"end":{"line":154,"column":21}},"58":{"start":{"line":156,"column":2},"end":{"line":159,"column":4}},"59":{"start":{"line":157,"column":4},"end":{"line":157,"column":56}},"60":{"start":{"line":158,"column":4},"end":{"line":158,"column":23}},"61":{"start":{"line":161,"column":2},"end":{"line":161,"column":14}},"62":{"start":{"line":163,"column":2},"end":{"line":178,"column":4}},"63":{"start":{"line":164,"column":4},"end":{"line":164,"column":40}},"64":{"start":{"line":165,"column":4},"end":{"line":165,"column":98}},"65":{"start":{"line":166,"column":4},"end":{"line":166,"column":53}},"66":{"start":{"line":167,"column":4},"end":{"line":167,"column":39}},"67":{"start":{"line":168,"column":4},"end":{"line":168,"column":39}},"68":{"start":{"line":169,"column":4},"end":{"line":177,"column":5}},"69":{"start":{"line":170,"column":6},"end":{"line":170,"column":25}},"70":{"start":{"line":171,"column":11},"end":{"line":177,"column":5}},"71":{"start":{"line":172,"column":6},"end":{"line":172,"column":27}},"72":{"start":{"line":173,"column":11},"end":{"line":177,"column":5}},"73":{"start":{"line":174,"column":6},"end":{"line":174,"column":27}},"74":{"start":{"line":176,"column":6},"end":{"line":176,"column":66}},"75":{"start":{"line":180,"column":2},"end":{"line":203,"column":4}},"76":{"start":{"line":181,"column":4},"end":{"line":181,"column":23}},"77":{"start":{"line":182,"column":4},"end":{"line":184,"column":5}},"78":{"start":{"line":183,"column":6},"end":{"line":183,"column":13}},"79":{"start":{"line":185,"column":4},"end":{"line":191,"column":5}},"80":{"start":{"line":186,"column":6},"end":{"line":186,"column":31}},"81":{"start":{"line":187,"column":6},"end":{"line":187,"column":33}},"82":{"start":{"line":189,"column":6},"end":{"line":189,"column":23}},"83":{"start":{"line":190,"column":6},"end":{"line":190,"column":16}},"84":{"start":{"line":192,"column":4},"end":{"line":202,"column":7}},"85":{"start":{"line":205,"column":2},"end":{"line":214,"column":4}},"86":{"start":{"line":207,"column":6},"end":{"line":207,"column":19}},"87":{"start":{"line":208,"column":6},"end":{"line":208,"column":24}},"88":{"start":{"line":209,"column":6},"end":{"line":209,"column":128}},"89":{"start":{"line":212,"column":6},"end":{"line":212,"column":25}},"90":{"start":{"line":217,"column":0},"end":{"line":217,"column":44}}},"branchMap":{"1":{"line":60,"type":"if","locations":[{"start":{"line":60,"column":4},"end":{"line":60,"column":4}},{"start":{"line":60,"column":4},"end":{"line":60,"column":4}}]},"2":{"line":95,"type":"if","locations":[{"start":{"line":95,"column":4},"end":{"line":95,"column":4}},{"start":{"line":95,"column":4},"end":{"line":95,"column":4}}]},"3":{"line":98,"type":"if","locations":[{"start":{"line":98,"column":4},"end":{"line":98,"column":4}},{"start":{"line":98,"column":4},"end":{"line":98,"column":4}}]},"4":{"line":101,"type":"if","locations":[{"start":{"line":101,"column":4},"end":{"line":101,"column":4}},{"start":{"line":101,"column":4},"end":{"line":101,"column":4}}]},"5":{"line":108,"type":"if","locations":[{"start":{"line":108,"column":4},"end":{"line":108,"column":4}},{"start":{"line":108,"column":4},"end":{"line":108,"column":4}}]},"6":{"line":145,"type":"if","locations":[{"start":{"line":145,"column":4},"end":{"line":145,"column":4}},{"start":{"line":145,"column":4},"end":{"line":145,"column":4}}]},"7":{"line":169,"type":"if","locations":[{"start":{"line":169,"column":4},"end":{"line":169,"column":4}},{"start":{"line":169,"column":4},"end":{"line":169,"column":4}}]},"8":{"line":169,"type":"binary-expr","locations":[{"start":{"line":169,"column":8},"end":{"line":169,"column":18}},{"start":{"line":169,"column":22},"end":{"line":169,"column":31}}]},"9":{"line":171,"type":"if","locations":[{"start":{"line":171,"column":11},"end":{"line":171,"column":11}},{"start":{"line":171,"column":11},"end":{"line":171,"column":11}}]},"10":{"line":171,"type":"binary-expr","locations":[{"start":{"line":171,"column":15},"end":{"line":171,"column":27}},{"start":{"line":171,"column":31},"end":{"line":171,"column":42}}]},"11":{"line":173,"type":"if","locations":[{"start":{"line":173,"column":11},"end":{"line":173,"column":11}},{"start":{"line":173,"column":11},"end":{"line":173,"column":11}}]},"12":{"line":182,"type":"if","locations":[{"start":{"line":182,"column":4},"end":{"line":182,"column":4}},{"start":{"line":182,"column":4},"end":{"line":182,"column":4}}]},"13":{"line":185,"type":"if","locations":[{"start":{"line":185,"column":4},"end":{"line":185,"column":4}},{"start":{"line":185,"column":4},"end":{"line":185,"column":4}}]}},"l":{"11":1,"12":1,"13":1,"20":1,"22":1,"26":0,"37":0,"56":1,"58":1,"60":0,"61":0,"63":0,"67":1,"68":0,"73":0,"77":1,"79":1,"81":0,"83":0,"84":0,"86":0,"87":0,"92":0,"94":0,"95":0,"96":0,"98":0,"99":0,"101":0,"102":0,"107":0,"108":0,"109":0,"110":0,"112":0,"116":0,"117":0,"120":0,"122":0,"124":0,"125":0,"126":0,"131":0,"132":0,"133":0,"134":0,"136":0,"137":0,"140":0,"141":0,"144":0,"145":0,"146":0,"147":0,"149":0,"151":0,"154":0,"156":0,"157":0,"158":0,"161":0,"163":0,"164":0,"165":0,"166":0,"167":0,"168":0,"169":0,"170":0,"171":0,"172":0,"173":0,"174":0,"176":0,"180":0,"181":0,"182":0,"183":0,"185":0,"186":0,"187":0,"189":0,"190":0,"192":0,"205":0,"207":0,"208":0,"209":0,"212":0,"217":1}}}
